<?xml version="1.0" encoding="UTF-8"?>
<!-- Generated by org.testng.reporters.JUnitReportReporter -->
<testsuite hostname="114934-T480" name="RestAssuredProject.RestAssuredProject.RestAssured_Program_2" tests="1" failures="0" timestamp="2 Mar 2019 04:25:24 GMT" time="4.907" errors="0">
  <testcase name="RestAssured_Program" time="4.907" classname="RestAssuredProject.RestAssuredProject.RestAssured_Program_2"/>
</testsuite> <!-- RestAssuredProject.RestAssuredProject.RestAssured_Program_2 -->
