<?xml version="1.0" encoding="UTF-8"?>
<!-- Generated by org.testng.reporters.JUnitReportReporter -->
<testsuite hostname="114934-T480" name="RestAssuredProject.RestAssuredProject.RestAssured_Program_6_AddGooglePlace_Element3" tests="1" failures="0" timestamp="2 Mar 2019 12:42:43 GMT" time="1.308" errors="0">
  <testcase name="RestAssured_Program" time="1.308" classname="RestAssuredProject.RestAssuredProject.RestAssured_Program_6_AddGooglePlace_Element3"/>
</testsuite> <!-- RestAssuredProject.RestAssuredProject.RestAssured_Program_6_AddGooglePlace_Element3 -->
