<?xml version="1.0" encoding="UTF-8"?>
<!-- Generated by org.testng.reporters.JUnitReportReporter -->
<testsuite hostname="114934-T480" name="RestAssuredProject.RestAssuredProject.RestAssured_Program_7_AddGooglePlace_XML" tests="1" failures="0" timestamp="3 Mar 2019 12:45:42 GMT" time="1.686" errors="0">
  <testcase name="RestAssured_Program" time="1.686" classname="RestAssuredProject.RestAssuredProject.RestAssured_Program_7_AddGooglePlace_XML"/>
</testsuite> <!-- RestAssuredProject.RestAssuredProject.RestAssured_Program_7_AddGooglePlace_XML -->
