<?xml version="1.0" encoding="UTF-8"?>
<!-- Generated by org.testng.reporters.JUnitReportReporter -->
<testsuite hostname="114934-T480" name="RestAssuredProject.RestAssuredProject.RestAssured_Program_6_AddGooglePlace_Properties" tests="1" failures="0" timestamp="3 Mar 2019 04:56:35 GMT" time="2.038" errors="0">
  <testcase name="RestAssured_Program" time="2.038" classname="RestAssuredProject.RestAssuredProject.RestAssured_Program_6_AddGooglePlace_Properties"/>
</testsuite> <!-- RestAssuredProject.RestAssuredProject.RestAssured_Program_6_AddGooglePlace_Properties -->
