<?xml version="1.0" encoding="UTF-8"?>
<!-- Generated by org.testng.reporters.JUnitReportReporter -->
<testsuite hostname="114934-T480" name="RestAssuredProject.RestAssuredProject.RestAssured_Program_3_GooglePlaceSearch_udemny" tests="1" failures="0" timestamp="2 Mar 2019 04:37:52 GMT" time="2.035" errors="0">
  <testcase name="RestAssured_Program" time="2.035" classname="RestAssuredProject.RestAssuredProject.RestAssured_Program_3_GooglePlaceSearch_udemny"/>
</testsuite> <!-- RestAssuredProject.RestAssuredProject.RestAssured_Program_3_GooglePlaceSearch_udemny -->
