<?xml version="1.0" encoding="UTF-8"?>
<!-- Generated by org.testng.reporters.JUnitReportReporter -->
<testsuite hostname="114934-T480" name="RestAssuredProject.RestAssuredProject.RestAssured_Program_5_GooglePlaceSearch_Element2" tests="3" failures="0" timestamp="2 Mar 2019 06:51:03 GMT" time="0.572" errors="0">
  <testcase name="testCityeName" time="0.189" classname="RestAssuredProject.RestAssuredProject.RestAssured_Program_5_GooglePlaceSearch_Element2"/>
  <testcase name="testContentType" time="0.167" classname="RestAssuredProject.RestAssuredProject.RestAssured_Program_5_GooglePlaceSearch_Element2"/>
  <testcase name="testStatusCode" time="0.216" classname="RestAssuredProject.RestAssuredProject.RestAssured_Program_5_GooglePlaceSearch_Element2"/>
</testsuite> <!-- RestAssuredProject.RestAssuredProject.RestAssured_Program_5_GooglePlaceSearch_Element2 -->
