<?xml version="1.0" encoding="UTF-8"?>
<!-- Generated by org.testng.reporters.JUnitReportReporter -->
<testsuite hostname="114934-T480" name="RestAssuredProject.RestAssuredProject.RestAssured_Program_1" tests="1" failures="0" timestamp="1 Mar 2019 06:26:18 GMT" time="1.641" errors="0">
  <testcase name="RestAssured_Program" time="1.641" classname="RestAssuredProject.RestAssuredProject.RestAssured_Program_1"/>
</testsuite> <!-- RestAssuredProject.RestAssuredProject.RestAssured_Program_1 -->
